1562123561263	mozrunner::runner	INFO	Running command: "D:\\software\\Firefox\\firefox.exe" "-marionette" "-foreground" "-no-remote" "-profile" "C:\\Users\\forwork\\AppData\\Local\\Temp\\rust_mozprofile.PcxGSSu3PEjV"
1562123561644	addons.webextension.screenshots@mozilla.org	WARN	Loading extension 'screenshots@mozilla.org': Reading manifest: Invalid extension permission: mozillaAddons
1562123561645	addons.webextension.screenshots@mozilla.org	WARN	Loading extension 'screenshots@mozilla.org': Reading manifest: Invalid extension permission: resource://pdf.js/
1562123561645	addons.webextension.screenshots@mozilla.org	WARN	Loading extension 'screenshots@mozilla.org': Reading manifest: Invalid extension permission: about:reader*
1562123562901	Marionette	INFO	Listening on port 55763
1562123563383	Marionette	WARN	TLS certificate errors will be ignored for this session
1562123572125	Marionette	INFO	Stopped listening on port 55763
[Child 14372, Chrome_ChildThread] WARNING: pipe error: 109: file z:/task_1558035249/build/src/ipc/chromium/src/chrome/common/ipc_channel_win.cc, line 341
[Child 14372,[Chi
###!!! [Child][RunMessage] Error: Channel closing: too late to send/recv, messages will be lost

ld 416, Chrome_ChildThread] WARNING: pipe error: 109: file z:/task_1558035249/build/src/ipc/chromium/src/chrome/common/ipc_channel_win.cc, line 341
[Child 416, Chrome_Child[Parent 12032, Gecko_IOThread] WARNING: pipe error: 109: file z:/task_1558035249/build/src/ipc/chromium/src/chrome/common/ipc_channel_win.cc, line 341
[Child 6900, Chrome_ChildThread] WARNING: pipe error: 109: file z:/task_1558035249/build/src/ipc/chromium/src/chrome/common/ipc_channel_win.cc, line 341
[Child 6900, C[GPU 6028
###!!! [Child][RunMessage] Error: Channel closing: too late to send/recv, messages will be lost

c/ipc/chromium/src/chrome/common/ipc_channel_win.cc, line 341
[Child 1416, Chrome_ChildT[Parent 332, Gecko_IOThread] WARNING: pipe error: 109: file z:/task_1558035249/build/src/ipc/chromium/src/chrome/common/ipc_channel_win.cc, line 341
[Child 6576, Chrome_ChildThread] WARNING: pipe error: 109: file z:/task_1558035249/build/src/ipc/chromium/src/chrome/common/ipc_channel_win.cc, line 341
[Child 6576, Chrome_Chil[Parent 332, Gecko_IOThread] WARNING: file z:/task_1558035249/build/src/ipc/chromium/src/base/process_util_win.cc, line 160

###!!! [Child][RunMessage] Error: Channel closing: too late to send/recv, messages will be lost

[